org.net.perorin.CV.CV.merge(CV.java:71)
org.net.perorin.cevop2.parts.CeButton.imageReflesh(CeButton.java:172)
org.net.perorin.cevop2.parts.CeButton.setBounds(CeButton.java:131)
org.net.perorin.cevop2.parts.CeCheckbox.<init>(CeCheckbox.java:41)
org.net.perorin.cevop2.view.View.initialize(View.java:283)
org.net.perorin.cevop2.view.View.<init>(View.java:108)
org.net.perorin.cevop2.view.View$1.run(View.java:98)
java.awt.event.InvocationEvent.dispatch(InvocationEvent.java:311)
java.awt.EventQueue.dispatchEventImpl(EventQueue.java:756)
java.awt.EventQueue.access$500(EventQueue.java:97)
java.awt.EventQueue$3.run(EventQueue.java:709)
java.awt.EventQueue$3.run(EventQueue.java:703)
java.security.AccessController.doPrivileged(Native Method)
java.security.ProtectionDomain$JavaSecurityAccessImpl.doIntersectionPrivilege(ProtectionDomain.java:76)
java.awt.EventQueue.dispatchEvent(EventQueue.java:726)
java.awt.EventDispatchThread.pumpOneEventForFilters(EventDispatchThread.java:201)
java.awt.EventDispatchThread.pumpEventsForFilter(EventDispatchThread.java:116)
java.awt.EventDispatchThread.pumpEventsForHierarchy(EventDispatchThread.java:105)
java.awt.EventDispatchThread.pumpEvents(EventDispatchThread.java:101)
java.awt.EventDispatchThread.pumpEvents(EventDispatchThread.java:93)
java.awt.EventDispatchThread.run(EventDispatchThread.java:82)
