org.net.perorin.cevop2.model.Model.changeParameterSet(Model.java:316)
org.net.perorin.cevop2.contoroller.Controller.castChange(Controller.java:274)
org.net.perorin.cevop2.contoroller.Controller.call(Controller.java:118)
org.net.perorin.cevop2.view.View$18.itemStateChanged(View.java:404)
org.net.perorin.cevop2.parts.CeCombo$3.itemStateChanged(CeCombo.java:157)
javax.swing.JComboBox.fireItemStateChanged(JComboBox.java:1223)
javax.swing.JComboBox.selectedItemChanged(JComboBox.java:1280)
javax.swing.JComboBox.contentsChanged(JComboBox.java:1330)
javax.swing.AbstractListModel.fireContentsChanged(AbstractListModel.java:118)
javax.swing.DefaultComboBoxModel.setSelectedItem(DefaultComboBoxModel.java:93)
javax.swing.JComboBox.setSelectedItem(JComboBox.java:576)
javax.swing.JComboBox.setSelectedIndex(JComboBox.java:622)
org.net.perorin.cevop2.parts.CeCombo$4.mouseWheelMoved(CeCombo.java:170)
java.awt.AWTEventMulticaster.mouseWheelMoved(AWTEventMulticaster.java:532)
java.awt.Component.processMouseWheelEvent(Component.java:6623)
java.awt.Component.processEvent(Component.java:6307)
java.awt.Container.processEvent(Container.java:2236)
java.awt.Component.dispatchEventImpl(Component.java:4891)
java.awt.Container.dispatchEventImpl(Container.java:2294)
java.awt.Component.dispatchEvent(Component.java:4713)
java.awt.LightweightDispatcher.retargetMouseEvent(Container.java:4888)
java.awt.LightweightDispatcher.processMouseEvent(Container.java:4554)
java.awt.LightweightDispatcher.dispatchEvent(Container.java:4466)
java.awt.Container.dispatchEventImpl(Container.java:2280)
java.awt.Window.dispatchEventImpl(Window.java:2750)
java.awt.Component.dispatchEvent(Component.java:4713)
java.awt.EventQueue.dispatchEventImpl(EventQueue.java:758)
java.awt.EventQueue.access$500(EventQueue.java:97)
java.awt.EventQueue$3.run(EventQueue.java:709)
java.awt.EventQueue$3.run(EventQueue.java:703)
java.security.AccessController.doPrivileged(Native Method)
java.security.ProtectionDomain$JavaSecurityAccessImpl.doIntersectionPrivilege(ProtectionDomain.java:76)
java.security.ProtectionDomain$JavaSecurityAccessImpl.doIntersectionPrivilege(ProtectionDomain.java:86)
java.awt.EventQueue$4.run(EventQueue.java:731)
java.awt.EventQueue$4.run(EventQueue.java:729)
java.security.AccessController.doPrivileged(Native Method)
java.security.ProtectionDomain$JavaSecurityAccessImpl.doIntersectionPrivilege(ProtectionDomain.java:76)
java.awt.EventQueue.dispatchEvent(EventQueue.java:728)
java.awt.EventDispatchThread.pumpOneEventForFilters(EventDispatchThread.java:201)
java.awt.EventDispatchThread.pumpEventsForFilter(EventDispatchThread.java:116)
java.awt.EventDispatchThread.pumpEventsForHierarchy(EventDispatchThread.java:105)
java.awt.EventDispatchThread.pumpEvents(EventDispatchThread.java:101)
java.awt.EventDispatchThread.pumpEvents(EventDispatchThread.java:93)
java.awt.EventDispatchThread.run(EventDispatchThread.java:82)
