org.net.perorin.cevop2.model.Model.changeParameterSet(Model.java:316)
org.net.perorin.cevop2.contoroller.Controller.castChange(Controller.java:274)
org.net.perorin.cevop2.contoroller.Controller.call(Controller.java:118)
org.net.perorin.cevop2.view.View$18.itemStateChanged(View.java:404)
org.net.perorin.cevop2.parts.CeCombo$3.itemStateChanged(CeCombo.java:157)
javax.swing.JComboBox.fireItemStateChanged(JComboBox.java:1223)
javax.swing.JComboBox.selectedItemChanged(JComboBox.java:1280)
javax.swing.JComboBox.contentsChanged(JComboBox.java:1330)
javax.swing.AbstractListModel.fireContentsChanged(AbstractListModel.java:118)
javax.swing.DefaultComboBoxModel.setSelectedItem(DefaultComboBoxModel.java:93)
javax.swing.DefaultComboBoxModel.addElement(DefaultComboBoxModel.java:131)
javax.swing.JComboBox.addItem(JComboBox.java:716)
org.net.perorin.cevop2.model.Model.initData(Model.java:58)
org.net.perorin.cevop2.contoroller.Controller.init(Controller.java:192)
org.net.perorin.cevop2.contoroller.Controller.call(Controller.java:58)
org.net.perorin.cevop2.view.View.<init>(View.java:111)
org.net.perorin.cevop2.view.View$1.run(View.java:100)
java.awt.event.InvocationEvent.dispatch(InvocationEvent.java:311)
java.awt.EventQueue.dispatchEventImpl(EventQueue.java:756)
java.awt.EventQueue.access$500(EventQueue.java:97)
java.awt.EventQueue$3.run(EventQueue.java:709)
java.awt.EventQueue$3.run(EventQueue.java:703)
java.security.AccessController.doPrivileged(Native Method)
java.security.ProtectionDomain$JavaSecurityAccessImpl.doIntersectionPrivilege(ProtectionDomain.java:76)
java.awt.EventQueue.dispatchEvent(EventQueue.java:726)
java.awt.EventDispatchThread.pumpOneEventForFilters(EventDispatchThread.java:201)
java.awt.EventDispatchThread.pumpEventsForFilter(EventDispatchThread.java:116)
java.awt.EventDispatchThread.pumpEventsForHierarchy(EventDispatchThread.java:105)
java.awt.EventDispatchThread.pumpEvents(EventDispatchThread.java:101)
java.awt.EventDispatchThread.pumpEvents(EventDispatchThread.java:93)
java.awt.EventDispatchThread.run(EventDispatchThread.java:82)
