org.net.perorin.Voiceroid.Voiceroid.voiceSave(Voiceroid.java:158)
org.net.perorin.cevop2.model.Model.voiceSave(Model.java:139)
org.net.perorin.cevop2.contoroller.Controller.voiceSave(Controller.java:202)
org.net.perorin.cevop2.contoroller.Controller.call(Controller.java:70)
org.net.perorin.cevop2.view.View$11.mouseClicked(View.java:277)
org.net.perorin.cevop2.parts.CeButton$1.mouseClicked(CeButton.java:75)
java.awt.Component.processMouseEvent(Component.java:6538)
javax.swing.JComponent.processMouseEvent(JComponent.java:3324)
java.awt.Component.processEvent(Component.java:6300)
java.awt.Container.processEvent(Container.java:2236)
java.awt.Component.dispatchEventImpl(Component.java:4891)
java.awt.Container.dispatchEventImpl(Container.java:2294)
java.awt.Component.dispatchEvent(Component.java:4713)
java.awt.LightweightDispatcher.retargetMouseEvent(Container.java:4888)
java.awt.LightweightDispatcher.processMouseEvent(Container.java:4534)
java.awt.LightweightDispatcher.dispatchEvent(Container.java:4466)
java.awt.Container.dispatchEventImpl(Container.java:2280)
java.awt.Window.dispatchEventImpl(Window.java:2750)
java.awt.Component.dispatchEvent(Component.java:4713)
java.awt.EventQueue.dispatchEventImpl(EventQueue.java:758)
java.awt.EventQueue.access$500(EventQueue.java:97)
java.awt.EventQueue$3.run(EventQueue.java:709)
java.awt.EventQueue$3.run(EventQueue.java:703)
java.security.AccessController.doPrivileged(Native Method)
java.security.ProtectionDomain$JavaSecurityAccessImpl.doIntersectionPrivilege(ProtectionDomain.java:76)
java.security.ProtectionDomain$JavaSecurityAccessImpl.doIntersectionPrivilege(ProtectionDomain.java:86)
java.awt.EventQueue$4.run(EventQueue.java:731)
java.awt.EventQueue$4.run(EventQueue.java:729)
java.security.AccessController.doPrivileged(Native Method)
java.security.ProtectionDomain$JavaSecurityAccessImpl.doIntersectionPrivilege(ProtectionDomain.java:76)
java.awt.EventQueue.dispatchEvent(EventQueue.java:728)
java.awt.EventDispatchThread.pumpOneEventForFilters(EventDispatchThread.java:201)
java.awt.EventDispatchThread.pumpEventsForFilter(EventDispatchThread.java:116)
java.awt.EventDispatchThread.pumpEventsForHierarchy(EventDispatchThread.java:105)
java.awt.EventDispatchThread.pumpEvents(EventDispatchThread.java:101)
java.awt.EventDispatchThread.pumpEvents(EventDispatchThread.java:93)
java.awt.EventDispatchThread.run(EventDispatchThread.java:82)
